<?xml version="1.0" encoding="UTF-8"?>
<testsuite xmlns:xsi="http://www.w3.org/2001/XMLSchema-instance" xsi:noNamespaceSchemaLocation="https://maven.apache.org/surefire/maven-surefire-plugin/xsd/surefire-test-report.xsd" version="3.0.2" name="controllerTests.ClientControllerTest" time="6.137" tests="1" errors="0" skipped="0" failures="0">
  <properties>
[...]
</properties>
  <testcase name="testGetClients" classname="controllerTests.ClientControllerTest" time="0.122">
    <system-out><![CDATA[
  .   ____          _            __ _ _
 /\\ / ___'_ __ _ _(_)_ __  __ _ \ \ \ \
( ( )\___ | '_ | '_| | '_ \/ _` | \ \ \ \
 \\/  ___)| |_)| | | | | || (_| |  ) ) ) )
  '  |____| .__|_| |_|_| |_\__, | / / / /
 =========|_|==============|___/=/_/_/_/

 :: Spring Boot ::                (v3.4.2)

2025-02-20T19:59:50.988+05:00  INFO 1208 --- [Loan Management] [           main] controllerTests.ClientControllerTest     : Starting ClientControllerTest using Java 17.0.14 with PID 1208 (started by user in C:\Users\user\Documents\GitHub\loan)
2025-02-20T19:59:50.989+05:00  INFO 1208 --- [Loan Management] [           main] controllerTests.ClientControllerTest     : No active profile set, falling back to 1 default profile: "default"
2025-02-20T19:59:51.481+05:00  INFO 1208 --- [Loan Management] [           main] .s.d.r.c.RepositoryConfigurationDelegate : Bootstrapping Spring Data JPA repositories in DEFAULT mode.
2025-02-20T19:59:51.534+05:00  INFO 1208 --- [Loan Management] [           main] .s.d.r.c.RepositoryConfigurationDelegate : Finished Spring Data repository scanning in 44 ms. Found 7 JPA repository interfaces.
2025-02-20T19:59:53.012+05:00  INFO 1208 --- [Loan Management] [           main] o.hibernate.jpa.internal.util.LogHelper  : HHH000204: Processing PersistenceUnitInfo [name: default]
2025-02-20T19:59:53.077+05:00  INFO 1208 --- [Loan Management] [           main] org.hibernate.Version                    : HHH000412: Hibernate ORM core version 6.6.5.Final
2025-02-20T19:59:53.118+05:00  INFO 1208 --- [Loan Management] [           main] o.h.c.internal.RegionFactoryInitiator    : HHH000026: Second-level cache disabled
2025-02-20T19:59:53.219+05:00  INFO 1208 --- [Loan Management] [           main] o.s.o.j.p.SpringPersistenceUnitInfo      : No LoadTimeWeaver setup: ignoring JPA class transformer
2025-02-20T19:59:53.249+05:00  INFO 1208 --- [Loan Management] [           main] com.zaxxer.hikari.HikariDataSource       : HikariPool-1 - Starting...
2025-02-20T19:59:53.380+05:00  INFO 1208 --- [Loan Management] [           main] com.zaxxer.hikari.pool.HikariPool        : HikariPool-1 - Added connection org.postgresql.jdbc.PgConnection@71687d8f
2025-02-20T19:59:53.383+05:00  INFO 1208 --- [Loan Management] [           main] com.zaxxer.hikari.HikariDataSource       : HikariPool-1 - Start completed.
2025-02-20T19:59:53.507+05:00  INFO 1208 --- [Loan Management] [           main] org.hibernate.orm.connections.pooling    : HHH10001005: Database info:
	Database JDBC URL [Connecting through datasource 'HikariDataSource (HikariPool-1)']
	Database driver: undefined/unknown
	Database version: 17.2
	Autocommit mode: undefined/unknown
	Isolation level: undefined/unknown
	Minimum pool size: undefined/unknown
	Maximum pool size: undefined/unknown
2025-02-20T19:59:54.433+05:00  INFO 1208 --- [Loan Management] [           main] o.h.e.t.j.p.i.JtaPlatformInitiator       : HHH000489: No JTA platform available (set 'hibernate.transaction.jta.platform' to enable JTA platform integration)
2025-02-20T19:59:54.716+05:00  INFO 1208 --- [Loan Management] [           main] j.LocalContainerEntityManagerFactoryBean : Initialized JPA EntityManagerFactory for persistence unit 'default'
2025-02-20T19:59:55.586+05:00  INFO 1208 --- [Loan Management] [           main] eAuthenticationProviderManagerConfigurer : Global AuthenticationManager configured with AuthenticationProvider bean with name authenticationProvider
2025-02-20T19:59:55.586+05:00  WARN 1208 --- [Loan Management] [           main] r$InitializeUserDetailsManagerConfigurer : Global AuthenticationManager configured with an AuthenticationProvider bean. UserDetailsService beans will not be used by Spring Security for automatically configuring username/password login. Consider removing the AuthenticationProvider bean. Alternatively, consider using the UserDetailsService in a manually instantiated DaoAuthenticationProvider. If the current configuration is intentional, to turn off this warning, increase the logging level of 'org.springframework.security.config.annotation.authentication.configuration.InitializeUserDetailsBeanManagerConfigurer' to ERROR
2025-02-20T19:59:55.763+05:00  WARN 1208 --- [Loan Management] [           main] JpaBaseConfiguration$JpaWebConfiguration : spring.jpa.open-in-view is enabled by default. Therefore, database queries may be performed during view rendering. Explicitly configure spring.jpa.open-in-view to disable this warning
2025-02-20T19:59:56.579+05:00  INFO 1208 --- [Loan Management] [           main] o.s.b.t.m.w.SpringBootMockServletContext : Initializing Spring TestDispatcherServlet ''
2025-02-20T19:59:56.579+05:00  INFO 1208 --- [Loan Management] [           main] o.s.t.web.servlet.TestDispatcherServlet  : Initializing Servlet ''
2025-02-20T19:59:56.580+05:00  INFO 1208 --- [Loan Management] [           main] o.s.t.web.servlet.TestDispatcherServlet  : Completed initialization in 1 ms
2025-02-20T19:59:56.603+05:00  INFO 1208 --- [Loan Management] [           main] controllerTests.ClientControllerTest     : Started ClientControllerTest in 5.778 seconds (process running for 6.306)
]]></system-out>
  </testcase>
</testsuite>